#
# There is insufficient memory for the Java Runtime Environment to continue.
# Native memory allocation (mmap) failed to map 73400320 bytes for committing reserved memory.
# Possible reasons:
#   The system is out of physical RAM or swap space
#   In 32 bit mode, the process size limit was hit
# Possible solutions:
#   Reduce memory load on the system
#   Increase physical memory or swap space
#   Check if swap backing store is full
#   Use 64 bit Java on a 64 bit OS
#   Decrease Java heap size (-Xmx/-Xms)
#   Decrease number of Java threads
#   Decrease Java thread stack sizes (-Xss)
#   Set larger code cache with -XX:ReservedCodeCacheSize=
# This output file may be truncated or incomplete.
#
#  Out of Memory Error (os_linux.cpp:2627), pid=13674, tid=0x00007f230a7bd700
#
# JRE version: Java(TM) SE Runtime Environment (8.0_121-b13) (build 1.8.0_121-b13)
# Java VM: Java HotSpot(TM) 64-Bit Server VM (25.121-b13 mixed mode linux-amd64 compressed oops)
# Failed to write core dump. Core dumps have been disabled. To enable core dumping, try "ulimit -c unlimited" before starting Java again
#

---------------  T H R E A D  ---------------

Current thread (0x00007f231c073800):  VMThread [stack: 0x00007f230a6bd000,0x00007f230a7be000] [id=13694]

Stack: [0x00007f230a6bd000,0x00007f230a7be000],  sp=0x00007f230a7bc300,  free space=1020k
Native frames: (J=compiled Java code, j=interpreted, Vv=VM code, C=native code)
V  [libjvm.so+0xac703a]  VMError::report_and_die()+0x2ba
V  [libjvm.so+0x4fc7eb]  report_vm_out_of_memory(char const*, int, unsigned long, VMErrorType, char const*)+0x8b
V  [libjvm.so+0x923c43]  os::Linux::commit_memory_impl(char*, unsigned long, bool)+0x103
V  [libjvm.so+0x924199]  os::pd_commit_memory(char*, unsigned long, unsigned long, bool)+0x29
V  [libjvm.so+0x91e4aa]  os::commit_memory(char*, unsigned long, unsigned long, bool)+0x2a
V  [libjvm.so+0x992f03]  PSVirtualSpace::expand_by(unsigned long)+0x53
V  [libjvm.so+0x994308]  PSYoungGen::resize_generation(unsigned long, unsigned long)+0xf8
V  [libjvm.so+0x993462]  PSYoungGen::resize(unsigned long, unsigned long)+0x22
V  [libjvm.so+0x99073b]  PSScavenge::invoke_no_policy()+0xf3b
V  [libjvm.so+0x98b9e5]  PSParallelCompact::invoke(bool)+0x85
V  [libjvm.so+0x4832d4]  CollectedHeap::collect_as_vm_thread(GCCause::Cause)+0x114
V  [libjvm.so+0xac84b1]  VM_CollectForMetadataAllocation::doit()+0x161
V  [libjvm.so+0xad0535]  VM_Operation::evaluate()+0x55
V  [libjvm.so+0xace90a]  VMThread::evaluate_operation(VM_Operation*)+0xba
V  [libjvm.so+0xacec8e]  VMThread::loop()+0x1ce
V  [libjvm.so+0xacf100]  VMThread::run()+0x70
V  [libjvm.so+0x926268]  java_start(Thread*)+0x108

VM_Operation (0x00007f23225df3a0): CollectForMetadataAllocation, mode: safepoint, requested by thread 0x00007f231c00a000


---------------  P R O C E S S  ---------------

Java Threads: ( => current thread )
  0x00007f231c0bb000 JavaThread "Service Thread" daemon [_thread_blocked, id=13700, stack(0x00007f2309c2c000,0x00007f2309d2d000)]
  0x00007f231c0b8000 JavaThread "C1 CompilerThread1" daemon [_thread_blocked, id=13699, stack(0x00007f2309d2d000,0x00007f2309e2e000)]
  0x00007f231c0b5000 JavaThread "C2 CompilerThread0" daemon [_thread_blocked, id=13698, stack(0x00007f2309e2e000,0x00007f2309f2f000)]
  0x00007f231c0b3800 JavaThread "Signal Dispatcher" daemon [_thread_blocked, id=13697, stack(0x00007f2309f2f000,0x00007f230a030000)]
  0x00007f231c07f800 JavaThread "Finalizer" daemon [_thread_blocked, id=13696, stack(0x00007f230a4bb000,0x00007f230a5bc000)]
  0x00007f231c07b000 JavaThread "Reference Handler" daemon [_thread_blocked, id=13695, stack(0x00007f230a5bc000,0x00007f230a6bd000)]
  0x00007f231c00a000 JavaThread "main" [_thread_blocked, id=13691, stack(0x00007f23224ea000,0x00007f23225eb000)]

Other Threads:
=>0x00007f231c073800 VMThread [stack: 0x00007f230a6bd000,0x00007f230a7be000] [id=13694]
  0x00007f231c0bd800 WatcherThread [stack: 0x00007f2309b2b000,0x00007f2309c2c000] [id=13701]

VM state:at safepoint (normal execution)

VM Mutex/Monitor currently owned by a thread:  ([mutex/lock_event])
[0x00007f231c006270] Threads_lock - owner thread: 0x00007f231c073800
[0x00007f231c006770] Heap_lock - owner thread: 0x00007f231c00a000

Heap:
 PSYoungGen      total 132096K, used 5159K [0x00000000ec000000, 0x00000000f4d00000, 0x0000000100000000)
  eden space 120832K, 0% used [0x00000000ec000000,0x00000000ec000000,0x00000000f3600000)
  from space 11264K, 45% used [0x00000000f3600000,0x00000000f3b09d50,0x00000000f4100000)
  to   space 10240K, 0% used [0x00000000f4100000,0x00000000f4100000,0x00000000f4b00000)
 ParOldGen       total 40960K, used 16417K [0x00000000c4000000, 0x00000000c6800000, 0x00000000ec000000)
  object space 40960K, 40% used [0x00000000c4000000,0x00000000c5008548,0x00000000c6800000)
 Metaspace       used 20726K, capacity 21161K, committed 21296K, reserved 1069056K
  class space    used 2411K, capacity 2560K, committed 2560K, reserved 1048576K

Card table byte_map: [0x00007f230c004000,0x00007f230c1e5000] byte_map_base: 0x00007f230b9e4000

Marking Bits: (ParMarkBitMap*) 0x00007f23219bac80
 Begin Bits: [0x00007f2302200000, 0x00007f2303100000)
 End Bits:   [0x00007f2303100000, 0x00007f2304000000)

Polling page: 0x00007f232260b000

CodeCache: size=245760Kb used=9456Kb max_used=10225Kb free=236303Kb
 bounds [0x00007f230c5a5000, 0x00007f230cfb5000, 0x00007f231b5a5000]
 total_blobs=3525 nmethods=3143 adapters=296
 compilation: enabled

Compilation events (10 events):
Event: 105.137 Thread 0x00007f231c0b8000 nmethod 3591 0x00007f230cb1c8d0 code [0x00007f230cb1ca20, 0x00007f230cb1cb30]
Event: 105.301 Thread 0x00007f231c0b5000 nmethod 3594 0x00007f230c7f0d50 code [0x00007f230c7f0ec0, 0x00007f230c7f15c8]
Event: 105.724 Thread 0x00007f231c0b8000 3597       3       java.lang.Byte::<init> (10 bytes)
Event: 105.885 Thread 0x00007f231c0b8000 nmethod 3597 0x00007f230caff950 code [0x00007f230caffac0, 0x00007f230caffcd0]
Event: 105.893 Thread 0x00007f231c0b8000 3598       3       java.lang.Short::<init> (10 bytes)
Event: 105.893 Thread 0x00007f231c0b8000 nmethod 3598 0x00007f230ca4cdd0 code [0x00007f230ca4cf40, 0x00007f230ca4d150]
Event: 106.778 Thread 0x00007f231c0b8000 3601       3       java.lang.Class::searchMethods (90 bytes)
Event: 107.130 Thread 0x00007f231c0b8000 nmethod 3601 0x00007f230caf1e10 code [0x00007f230caf2060, 0x00007f230caf2fd8]
Event: 107.516 Thread 0x00007f231c0b8000 3603       3       java.lang.Enum::<init> (15 bytes)
Event: 107.724 Thread 0x00007f231c0b8000 nmethod 3603 0x00007f230c92c250 code [0x00007f230c92c3c0, 0x00007f230c92c590]

GC Heap History (10 events):
Event: 3.682 GC heap after
Heap after GC invocations=4 (full 0):
 PSYoungGen      total 33280K, used 2560K [0x00000000ec000000, 0x00000000ee300000, 0x0000000100000000)
  eden space 30720K, 0% used [0x00000000ec000000,0x00000000ec000000,0x00000000ede00000)
  from space 2560K, 100% used [0x00000000ee080000,0x00000000ee300000,0x00000000ee300000)
  to   space 2560K, 0% used [0x00000000ede00000,0x00000000ede00000,0x00000000ee080000)
 ParOldGen       total 40960K, used 4166K [0x00000000c4000000, 0x00000000c6800000, 0x00000000ec000000)
  object space 40960K, 10% used [0x00000000c4000000,0x00000000c4411ad0,0x00000000c6800000)
 Metaspace       used 11199K, capacity 11330K, committed 11520K, reserved 1058816K
  class space    used 1397K, capacity 1475K, committed 1536K, reserved 1048576K
}
Event: 6.083 GC heap before
{Heap before GC invocations=5 (full 0):
 PSYoungGen      total 33280K, used 33280K [0x00000000ec000000, 0x00000000ee300000, 0x0000000100000000)
  eden space 30720K, 100% used [0x00000000ec000000,0x00000000ede00000,0x00000000ede00000)
  from space 2560K, 100% used [0x00000000ee080000,0x00000000ee300000,0x00000000ee300000)
  to   space 2560K, 0% used [0x00000000ede00000,0x00000000ede00000,0x00000000ee080000)
 ParOldGen       total 40960K, used 4166K [0x00000000c4000000, 0x00000000c6800000, 0x00000000ec000000)
  object space 40960K, 10% used [0x00000000c4000000,0x00000000c4411ad0,0x00000000c6800000)
 Metaspace       used 14844K, capacity 15062K, committed 15360K, reserved 1062912K
  class space    used 1828K, capacity 1937K, committed 2048K, reserved 1048576K
Event: 6.144 GC heap after
Heap after GC invocations=5 (full 0):
 PSYoungGen      total 33280K, used 2560K [0x00000000ec000000, 0x00000000f0a00000, 0x0000000100000000)
  eden space 30720K, 0% used [0x00000000ec000000,0x00000000ec000000,0x00000000ede00000)
  from space 2560K, 100% used [0x00000000ede00000,0x00000000ee080000,0x00000000ee080000)
  to   space 7168K, 0% used [0x00000000f0300000,0x00000000f0300000,0x00000000f0a00000)
 ParOldGen       total 40960K, used 8634K [0x00000000c4000000, 0x00000000c6800000, 0x00000000ec000000)
  object space 40960K, 21% used [0x00000000c4000000,0x00000000c486e898,0x00000000c6800000)
 Metaspace       used 14844K, capacity 15062K, committed 15360K, reserved 1062912K
  class space    used 1828K, capacity 1937K, committed 2048K, reserved 1048576K
}
Event: 7.770 GC heap before
{Heap before GC invocations=6 (full 0):
 PSYoungGen      total 33280K, used 33280K [0x00000000ec000000, 0x00000000f0a00000, 0x0000000100000000)
  eden space 30720K, 100% used [0x00000000ec000000,0x00000000ede00000,0x00000000ede00000)
  from space 2560K, 100% used [0x00000000ede00000,0x00000000ee080000,0x00000000ee080000)
  to   space 7168K, 0% used [0x00000000f0300000,0x00000000f0300000,0x00000000f0a00000)
 ParOldGen       total 40960K, used 8634K [0x00000000c4000000, 0x00000000c6800000, 0x00000000ec000000)
  object space 40960K, 21% used [0x00000000c4000000,0x00000000c486e898,0x00000000c6800000)
 Metaspace       used 15256K, capacity 15458K, committed 15872K, reserved 1062912K
  class space    used 1853K, capacity 1939K, committed 2048K, reserved 1048576K
Event: 7.816 GC heap after
Heap after GC invocations=6 (full 0):
 PSYoungGen      total 68096K, used 5520K [0x00000000ec000000, 0x00000000f0b00000, 0x0000000100000000)
  eden space 60928K, 0% used [0x00000000ec000000,0x00000000ec000000,0x00000000efb80000)
  from space 7168K, 77% used [0x00000000f0300000,0x00000000f0864248,0x00000000f0a00000)
  to   space 7680K, 0% used [0x00000000efb80000,0x00000000efb80000,0x00000000f0300000)
 ParOldGen       total 40960K, used 8634K [0x00000000c4000000, 0x00000000c6800000, 0x00000000ec000000)
  object space 40960K, 21% used [0x00000000c4000000,0x00000000c486e898,0x00000000c6800000)
 Metaspace       used 15256K, capacity 15458K, committed 15872K, reserved 1062912K
  class space    used 1853K, capacity 1939K, committed 2048K, reserved 1048576K
}
Event: 28.907 GC heap before
{Heap before GC invocations=7 (full 0):
 PSYoungGen      total 68096K, used 66448K [0x00000000ec000000, 0x00000000f0b00000, 0x0000000100000000)
  eden space 60928K, 100% used [0x00000000ec000000,0x00000000efb80000,0x00000000efb80000)
  from space 7168K, 77% used [0x00000000f0300000,0x00000000f0864248,0x00000000f0a00000)
  to   space 7680K, 0% used [0x00000000efb80000,0x00000000efb80000,0x00000000f0300000)
 ParOldGen       total 40960K, used 8634K [0x00000000c4000000, 0x00000000c6800000, 0x00000000ec000000)
  object space 40960K, 21% used [0x00000000c4000000,0x00000000c486e898,0x00000000c6800000)
 Metaspace       used 18175K, capacity 18556K, committed 18816K, reserved 1064960K
  class space    used 2173K, capacity 2316K, committed 2432K, reserved 1048576K
Event: 29.308 GC heap after
Heap after GC invocations=7 (full 0):
 PSYoungGen      total 68608K, used 7680K [0x00000000ec000000, 0x00000000f4b00000, 0x0000000100000000)
  eden space 60928K, 0% used [0x00000000ec000000,0x00000000ec000000,0x00000000efb80000)
  from space 7680K, 100% used [0x00000000efb80000,0x00000000f0300000,0x00000000f0300000)
  to   space 10240K, 0% used [0x00000000f4100000,0x00000000f4100000,0x00000000f4b00000)
 ParOldGen       total 40960K, used 11894K [0x00000000c4000000, 0x00000000c6800000, 0x00000000ec000000)
  object space 40960K, 29% used [0x00000000c4000000,0x00000000c4b9d948,0x00000000c6800000)
 Metaspace       used 18175K, capacity 18556K, committed 18816K, reserved 1064960K
  class space    used 2173K, capacity 2316K, committed 2432K, reserved 1048576K
}
Event: 45.374 GC heap before
{Heap before GC invocations=8 (full 0):
 PSYoungGen      total 68608K, used 68608K [0x00000000ec000000, 0x00000000f4b00000, 0x0000000100000000)
  eden space 60928K, 100% used [0x00000000ec000000,0x00000000efb80000,0x00000000efb80000)
  from space 7680K, 100% used [0x00000000efb80000,0x00000000f0300000,0x00000000f0300000)
  to   space 10240K, 0% used [0x00000000f4100000,0x00000000f4100000,0x00000000f4b00000)
 ParOldGen       total 40960K, used 11894K [0x00000000c4000000, 0x00000000c6800000, 0x00000000ec000000)
  object space 40960K, 29% used [0x00000000c4000000,0x00000000c4b9d948,0x00000000c6800000)
 Metaspace       used 19153K, capacity 19562K, committed 19840K, reserved 1067008K
  class space    used 2247K, capacity 2392K, committed 2432K, reserved 1048576K
Event: 45.633 GC heap after
Heap after GC invocations=8 (full 0):
 PSYoungGen      total 131072K, used 9391K [0x00000000ec000000, 0x00000000f4d00000, 0x0000000100000000)
  eden space 120832K, 0% used [0x00000000ec000000,0x00000000ec000000,0x00000000f3600000)
  from space 10240K, 91% used [0x00000000f4100000,0x00000000f4a2bfb8,0x00000000f4b00000)
  to   space 11264K, 0% used [0x00000000f3600000,0x00000000f3600000,0x00000000f4100000)
 ParOldGen       total 40960K, used 12360K [0x00000000c4000000, 0x00000000c6800000, 0x00000000ec000000)
  object space 40960K, 30% used [0x00000000c4000000,0x00000000c4c12158,0x00000000c6800000)
 Metaspace       used 19153K, capacity 19562K, committed 19840K, reserved 1067008K
  class space    used 2247K, capacity 2392K, committed 2432K, reserved 1048576K
}
Event: 107.925 GC heap before
{Heap before GC invocations=9 (full 0):
 PSYoungGen      total 131072K, used 32375K [0x00000000ec000000, 0x00000000f4d00000, 0x0000000100000000)
  eden space 120832K, 19% used [0x00000000ec000000,0x00000000ed671e68,0x00000000f3600000)
  from space 10240K, 91% used [0x00000000f4100000,0x00000000f4a2bfb8,0x00000000f4b00000)
  to   space 11264K, 0% used [0x00000000f3600000,0x00000000f3600000,0x00000000f4100000)
 ParOldGen       total 40960K, used 12360K [0x00000000c4000000, 0x00000000c6800000, 0x00000000ec000000)
  object space 40960K, 30% used [0x00000000c4000000,0x00000000c4c12158,0x00000000c6800000)
 Metaspace       used 20726K, capacity 21161K, committed 21296K, reserved 1069056K
  class space    used 2411K, capacity 2560K, committed 2560K, reserved 1048576K

Deoptimization events (10 events):
Event: 38.633 Thread 0x00007f231c00a000 Uncommon trap: reason=class_check action=maybe_recompile pc=0x00007f230cadba6c method=java.util.regex.Pattern$7.isSatisfiedBy(I)Z @ 16
Event: 38.633 Thread 0x00007f231c00a000 Uncommon trap: reason=class_check action=maybe_recompile pc=0x00007f230cadba6c method=java.util.regex.Pattern$7.isSatisfiedBy(I)Z @ 16
Event: 39.335 Thread 0x00007f231c00a000 Uncommon trap: reason=unstable_if action=reinterpret pc=0x00007f230cc9cf88 method=java.lang.Character.isSurrogate(C)Z @ 3
Event: 39.661 Thread 0x00007f231c00a000 Uncommon trap: reason=null_check action=make_not_entrant pc=0x00007f230cef19c8 method=org.apache.maven.model.io.xpp3.MavenXpp3ReaderEx.checkFieldWithDuplicate(Lorg/codehaus/plexus/util/xml/pull/XmlPullParser;Ljava/lang/String;Ljava/lang/String;Ljava/util/
Event: 40.688 Thread 0x00007f231c00a000 Uncommon trap: reason=unstable_if action=reinterpret pc=0x00007f230ce379f4 method=java.util.regex.Pattern$Curly.match(Ljava/util/regex/Matcher;ILjava/lang/CharSequence;)Z @ 45
Event: 41.363 Thread 0x00007f231c00a000 Uncommon trap: reason=unstable_if action=reinterpret pc=0x00007f230cc83bd8 method=org.codehaus.plexus.util.xml.pull.MXParser.nextImpl()I @ 280
Event: 44.524 Thread 0x00007f231c00a000 Uncommon trap: reason=unstable_if action=reinterpret pc=0x00007f230cf5dfac method=org.codehaus.plexus.util.xml.pull.MXParser.parseAttribute()C @ 762
Event: 58.366 Thread 0x00007f231c00a000 Uncommon trap: reason=unstable_if action=reinterpret pc=0x00007f230c997b10 method=sun.misc.MetaIndex.mayContain(Ljava/lang/String;)Z @ 38
Event: 59.068 Thread 0x00007f231c00a000 Uncommon trap: reason=class_check action=maybe_recompile pc=0x00007f230c706b3c method=java.lang.StringCoding$StringDecoder.decode([BII)[C @ 30
Event: 76.129 Thread 0x00007f231c00a000 Uncommon trap: reason=predicate action=maybe_recompile pc=0x00007f230c8fd300 method=java.lang.String.regionMatches(ZILjava/lang/String;II)Z @ 63

Internal exceptions (10 events):
Event: 39.653 Thread 0x00007f231c00a000 Implicit null exception at 0x00007f230cef16f7 to 0x00007f230cef19ad
Event: 55.580 Thread 0x00007f231c00a000 Exception <a 'java/lang/NullPointerException'> (0x00000000ed292d70) thrown at [/HUDSON3/workspace/8-2-build-linux-amd64/jdk8u121/8372/hotspot/src/share/vm/interpreter/linkResolver.cpp, line 1178]
Event: 55.593 Thread 0x00007f231c00a000 Exception <a 'java/lang/NullPointerException'> (0x00000000ed293170) thrown at [/HUDSON3/workspace/8-2-build-linux-amd64/jdk8u121/8372/hotspot/src/share/vm/interpreter/linkResolver.cpp, line 1178]
Event: 55.593 Thread 0x00007f231c00a000 Exception <a 'java/lang/NullPointerException'> (0x00000000ed293570) thrown at [/HUDSON3/workspace/8-2-build-linux-amd64/jdk8u121/8372/hotspot/src/share/vm/interpreter/linkResolver.cpp, line 1178]
Event: 56.439 Thread 0x00007f231c00a000 Exception <a 'java/lang/NullPointerException'> (0x00000000ed2c91b0) thrown at [/HUDSON3/workspace/8-2-build-linux-amd64/jdk8u121/8372/hotspot/src/share/vm/interpreter/linkResolver.cpp, line 1178]
Event: 56.439 Thread 0x00007f231c00a000 Exception <a 'java/lang/NullPointerException'> (0x00000000ed2c95b0) thrown at [/HUDSON3/workspace/8-2-build-linux-amd64/jdk8u121/8372/hotspot/src/share/vm/interpreter/linkResolver.cpp, line 1178]
Event: 56.439 Thread 0x00007f231c00a000 Exception <a 'java/lang/NullPointerException'> (0x00000000ed2c99b0) thrown at [/HUDSON3/workspace/8-2-build-linux-amd64/jdk8u121/8372/hotspot/src/share/vm/interpreter/linkResolver.cpp, line 1178]
Event: 56.569 Thread 0x00007f231c00a000 Exception <a 'java/lang/NullPointerException'> (0x00000000ed2f75c8) thrown at [/HUDSON3/workspace/8-2-build-linux-amd64/jdk8u121/8372/hotspot/src/share/vm/interpreter/linkResolver.cpp, line 1178]
Event: 56.593 Thread 0x00007f231c00a000 Exception <a 'java/lang/NullPointerException'> (0x00000000ed2f79c8) thrown at [/HUDSON3/workspace/8-2-build-linux-amd64/jdk8u121/8372/hotspot/src/share/vm/interpreter/linkResolver.cpp, line 1178]
Event: 56.593 Thread 0x00007f231c00a000 Exception <a 'java/lang/NullPointerException'> (0x00000000ed2f7dc8) thrown at [/HUDSON3/workspace/8-2-build-linux-amd64/jdk8u121/8372/hotspot/src/share/vm/interpreter/linkResolver.cpp, line 1178]

Events (10 events):
Event: 107.299 loading class jdk/internal/org/objectweb/asm/AnnotationWriter done
Event: 107.474 loading class java/lang/invoke/MethodHandleImpl$Intrinsic
Event: 107.474 loading class java/lang/invoke/MethodHandleImpl$Intrinsic done
Event: 107.515 loading class java/lang/invoke/InvokerBytecodeGenerator$2
Event: 107.525 loading class java/lang/invoke/InvokerBytecodeGenerator$2 done
Event: 107.568 loading class sun/invoke/util/VerifyType
Event: 107.568 loading class sun/invoke/util/VerifyType done
Event: 107.582 loading class sun/invoke/empty/Empty
Event: 107.597 loading class sun/invoke/empty/Empty done
Event: 107.824 Executing VM operation: CollectForMetadataAllocation


Dynamic libraries:
00400000-00401000 r-xp 00000000 08:01 4988864                            /usr/local/jdk1.8.0_121/bin/java
00600000-00601000 rw-p 00000000 08:01 4988864                            /usr/local/jdk1.8.0_121/bin/java
013b7000-013d8000 rw-p 00000000 00:00 0                                  [heap]
c4000000-c6800000 rw-p 00000000 00:00 0 
c6800000-ec000000 ---p 00000000 00:00 0 
ec000000-f4d00000 rw-p 00000000 00:00 0 
f9300000-100000000 ---p 00000000 00:00 0 
100000000-100280000 rw-p 00000000 00:00 0 
100280000-140000000 ---p 00000000 00:00 0 
7f22dc000000-7f22dc021000 rw-p 00000000 00:00 0 
7f22dc021000-7f22e0000000 ---p 00000000 00:00 0 
7f22e0000000-7f22e0021000 rw-p 00000000 00:00 0 
7f22e0021000-7f22e4000000 ---p 00000000 00:00 0 
7f22e4000000-7f22e61af000 rw-p 00000000 00:00 0 
7f22e61af000-7f22e8000000 ---p 00000000 00:00 0 
7f22e8000000-7f22e8cbb000 rw-p 00000000 00:00 0 
7f22e8cbb000-7f22ec000000 ---p 00000000 00:00 0 
7f22ec000000-7f22ec021000 rw-p 00000000 00:00 0 
7f22ec021000-7f22f0000000 ---p 00000000 00:00 0 
7f22f0000000-7f22f0021000 rw-p 00000000 00:00 0 
7f22f0021000-7f22f4000000 ---p 00000000 00:00 0 
7f22f4000000-7f22f428f000 rw-p 00000000 00:00 0 
7f22f428f000-7f22f8000000 ---p 00000000 00:00 0 
7f22f8000000-7f22f8021000 rw-p 00000000 00:00 0 
7f22f8021000-7f22fc000000 ---p 00000000 00:00 0 
7f22fc000000-7f22fc025000 rw-p 00000000 00:00 0 
7f22fc025000-7f2300000000 ---p 00000000 00:00 0 
7f2302000000-7f230204c000 rw-p 00000000 00:00 0 
7f230204c000-7f2302200000 ---p 00000000 00:00 0 
7f2302200000-7f2304000000 rw-p 00000000 00:00 0 
7f2304000000-7f2304021000 rw-p 00000000 00:00 0 
7f2304021000-7f2308000000 ---p 00000000 00:00 0 
7f23081b4000-7f23081ca000 r-xp 00000000 08:01 7344657                    /lib/x86_64-linux-gnu/libgcc_s.so.1
7f23081ca000-7f23083c9000 ---p 00016000 08:01 7344657                    /lib/x86_64-linux-gnu/libgcc_s.so.1
7f23083c9000-7f23083ca000 rw-p 00015000 08:01 7344657                    /lib/x86_64-linux-gnu/libgcc_s.so.1
7f23083ca000-7f23083cd000 r--s 00020000 08:01 4993566                    /var/repos/org/codehaus/plexus/plexus-archiver/1.0-alpha-7/plexus-archiver-1.0-alpha-7.jar
7f23083cd000-7f23083d0000 r--s 00018000 08:01 4993565                    /var/repos/commons-io/commons-io/1.4/commons-io-1.4.jar
7f23083d0000-7f23083d2000 r--s 00006000 08:01 4993556                    /var/repos/commons-cli/commons-cli/1.0/commons-cli-1.0.jar
7f23083d2000-7f23083d3000 r--s 00002000 08:01 4993550                    /var/repos/org/apache/maven/doxia/doxia-sink-api/1.0-alpha-9/doxia-sink-api-1.0-alpha-9.jar
7f23083d3000-7f23083d4000 r--s 00002000 08:01 4993549                    /var/repos/org/apache/maven/reporting/maven-reporting-api/2.0.8/maven-reporting-api-2.0.8.jar
7f23083d4000-7f23083d8000 r--s 00032000 08:01 4993363                    /var/repos/org/apache/maven/plugins/maven-eclipse-plugin/2.9/maven-eclipse-plugin-2.9.jar
7f230849a000-7f23084cc000 r-xp 00000000 08:01 4988956                    /usr/local/jdk1.8.0_121/jre/lib/amd64/libsunec.so
7f23084cc000-7f23086cb000 ---p 00032000 08:01 4988956                    /usr/local/jdk1.8.0_121/jre/lib/amd64/libsunec.so
7f23086cb000-7f23086d1000 rw-p 00031000 08:01 4988956                    /usr/local/jdk1.8.0_121/jre/lib/amd64/libsunec.so
7f23086d1000-7f23086e1000 rw-p 00000000 00:00 0 
7f23086e1000-7f23086e3000 r--s 00009000 08:01 4989025                    /usr/local/jdk1.8.0_121/jre/lib/ext/sunec.jar
7f23086e3000-7f23086e7000 r--s 0003a000 08:01 4989023                    /usr/local/jdk1.8.0_121/jre/lib/ext/sunpkcs11.jar
7f23086e7000-7f23088e7000 rw-p 00000000 00:00 0 
7f23088e7000-7f23088e8000 r--s 00002000 08:01 4993568                    /var/repos/org/apache/maven/maven-archiver/2.2/maven-archiver-2.2.jar
7f23088e8000-7f23088ed000 r--s 00039000 08:01 4993567                    /var/repos/org/codehaus/plexus/plexus-utils/1.5.6/plexus-utils-1.5.6.jar
7f23088ed000-7f23088f0000 r--s 0001a000 08:01 4989202                    /usr/local/jdk1.8.0_121/jre/lib/jce.jar
7f23088f0000-7f2308af0000 rw-p 00000000 00:00 0 
7f2308af0000-7f2308afa000 r--s 0009c000 08:01 4993351                    /var/repos/org/eclipse/core/resources/3.3.0-v20070604/resources-3.3.0-v20070604.jar
7f2308afa000-7f2308afc000 r--s 00002000 08:01 4993348                    /var/repos/org/apache/maven/shared/maven-osgi/0.2.0/maven-osgi-0.2.0.jar
7f2308afc000-7f2308afe000 r--s 0001a000 08:01 4993347                    /var/repos/biz/aQute/bndlib/0.0.145/bndlib-0.0.145.jar
7f2308afe000-7f2308b00000 r--s 00004000 08:01 4993345                    /var/repos/org/codehaus/plexus/plexus-resources/1.0-alpha-7/plexus-resources-1.0-alpha-7.jar
7f2308b00000-7f2308b02000 r--s 00004000 08:01 4993342                    /var/repos/org/apache/maven/maven-archiver/2.5/maven-archiver-2.5.jar
7f2308b02000-7f2308b04000 r--s 0000a000 08:01 4993341                    /var/repos/jline/jline/0.9.1/jline-0.9.1.jar
7f2308b04000-7f2308b06000 r--s 00000000 08:01 4993338                    /var/repos/org/codehaus/plexus/plexus-interactivity-jline/1.0-alpha-5/plexus-interactivity-jline-1.0-alpha-5.jar
7f2308b06000-7f2308b0a000 r--s 00038000 08:01 4993334                    /var/repos/org/codehaus/plexus/plexus-utils/3.0.20/plexus-utils-3.0.20.jar
7f2308b0a000-7f2308b11000 r--s 00053000 08:01 4993333                    /var/repos/org/apache/commons/commons-compress/1.8.1/commons-compress-1.8.1.jar
7f2308b11000-7f2308b14000 r--s 0000e000 08:01 4993332                    /var/repos/org/codehaus/plexus/plexus-io/2.1.3/plexus-io-2.1.3.jar
7f2308b14000-7f2308b18000 r--s 0001d000 08:01 4993331                    /var/repos/org/codehaus/plexus/plexus-archiver/2.6.3/plexus-archiver-2.6.3.jar
7f2308b18000-7f2308b1c000 r--s 00027000 08:01 4993329                    /var/repos/commons-io/commons-io/2.2/commons-io-2.2.jar
7f2308b1c000-7f2308b1e000 r--s 00002000 08:01 4993322                    /var/repos/org/sonatype/plexus/plexus-cipher/1.4/plexus-cipher-1.4.jar
7f2308b1e000-7f2308b1f000 r--s 00006000 08:01 4993321                    /var/repos/org/sonatype/plexus/plexus-sec-dispatcher/1.3/plexus-sec-dispatcher-1.3.jar
7f2308b1f000-7f2308b21000 r--s 00002000 08:01 4993313                    /var/repos/org/codehaus/plexus/plexus-interactivity-api/1.0-alpha-4/plexus-interactivity-api-1.0-alpha-4.jar
7f2308b21000-7f2308b23000 r--s 00009000 08:01 4993311                    /var/repos/commons-cli/commons-cli/1.2/commons-cli-1.2.jar
7f2308b23000-7f2308b24000 r--s 00002000 08:01 4993304                    /var/repos/org/apache/maven/doxia/doxia-logging-api/1.1/doxia-logging-api-1.1.jar
7f2308b24000-7f2308b26000 r--s 00002000 08:01 4993303                    /var/repos/org/apache/maven/doxia/doxia-sink-api/1.1/doxia-sink-api-1.1.jar
7f2308b26000-7f2308b27000 r--s 00002000 08:01 4993302                    /var/repos/org/apache/maven/reporting/maven-reporting-api/2.2.1/maven-reporting-api-2.2.1.jar
7f2308b27000-7f2308b29000 r--s 00003000 08:01 4993301                    /var/repos/org/slf4j/jcl-over-slf4j/1.5.6/jcl-over-slf4j-1.5.6.jar
7f2308b29000-7f2308b2b000 r--s 00001000 08:01 4993295                    /var/repos/org/slf4j/slf4j-jdk14/1.5.6/slf4j-jdk14-1.5.6.jar
7f2308b2b000-7f2308b33000 r--s 00049000 08:01 4993267                    /var/repos/backport-util-concurrent/backport-util-concurrent/3.1/backport-util-concurrent-3.1.jar
7f2308b33000-7f2308b36000 r--s 0001b000 08:01 4993275                    /var/repos/junit/junit/3.8.1/junit-3.8.1.jar
7f2308b36000-7f2308b38000 r--s 0000b000 08:01 4993270                    /var/repos/org/codehaus/plexus/plexus-interpolation/1.11/plexus-interpolation-1.11.jar
7f2308b38000-7f2308b3b000 r--s 00034000 08:01 4992157                    /var/repos/org/apache/maven/plugins/maven-eclipse-plugin/2.10/maven-eclipse-plugin-2.10.jar
7f2308b3b000-7f2308b4c000 r-xp 00000000 08:01 4988973                    /usr/local/jdk1.8.0_121/jre/lib/amd64/libnio.so
7f2308b4c000-7f2308d4b000 ---p 00011000 08:01 4988973                    /usr/local/jdk1.8.0_121/jre/lib/amd64/libnio.so
7f2308d4b000-7f2308d4c000 rw-p 00010000 08:01 4988973                    /usr/local/jdk1.8.0_121/jre/lib/amd64/libnio.so
7f2308d4c000-7f230904d000 rw-p 00000000 00:00 0 
7f230904d000-7f2309063000 r-xp 00000000 08:01 4988948                    /usr/local/jdk1.8.0_121/jre/lib/amd64/libnet.so
7f2309063000-7f2309263000 ---p 00016000 08:01 4988948                    /usr/local/jdk1.8.0_121/jre/lib/amd64/libnet.so
7f2309263000-7f2309264000 rw-p 00016000 08:01 4988948                    /usr/local/jdk1.8.0_121/jre/lib/amd64/libnet.so
7f2309264000-7f2309464000 rw-p 00000000 00:00 0 
7f2309464000-7f2309468000 r--s 0009a000 08:01 4988892                    /usr/local/jdk1.8.0_121/jre/lib/jsse.jar
7f2309468000-7f2309668000 rw-p 00000000 00:00 0 
7f2309668000-7f2309868000 rw-p 00000000 00:00 0 
7f2309868000-7f230986a000 r-xp 00000000 08:01 4734179                    /usr/local/apache-maven-3.5.0/lib/jansi-native/linux64/libjansi.so
7f230986a000-7f2309a69000 ---p 00002000 08:01 4734179                    /usr/local/apache-maven-3.5.0/lib/jansi-native/linux64/libjansi.so
7f2309a69000-7f2309a6a000 rw-p 00001000 08:01 4734179                    /usr/local/apache-maven-3.5.0/lib/jansi-native/linux64/libjansi.so
7f2309a6a000-7f2309a6b000 r--s 00003000 08:01 4734207                    /usr/local/apache-maven-3.5.0/lib/maven-builder-support-3.5.0.jar
7f2309a6b000-7f2309a6c000 r--s 00006000 08:01 4734210                    /usr/local/apache-maven-3.5.0/lib/plexus-sec-dispatcher-1.4.jar
7f2309a6c000-7f2309a98000 r--s 001e6000 08:01 4734235                    /usr/local/apache-maven-3.5.0/lib/wagon-http-2.12-shaded.jar
7f2309a98000-7f2309a9d000 r--s 00027000 08:01 4734220                    /usr/local/apache-maven-3.5.0/lib/maven-model-builder-3.5.0.jar
7f2309a9d000-7f2309aaa000 r--s 0008c000 08:01 4734203                    /usr/local/apache-maven-3.5.0/lib/maven-core-3.5.0.jar
7f2309aaa000-7f2309aac000 r--s 00009000 08:01 4734206                    /usr/local/apache-maven-3.5.0/lib/maven-settings-builder-3.5.0.jar
7f2309aac000-7f2309ab5000 r--s 0005f000 08:01 4734229                    /usr/local/apache-maven-3.5.0/lib/guice-4.0-no_aop.jar
7f2309ab5000-7f2309ab8000 r--s 00026000 08:01 4734204                    /usr/local/apache-maven-3.5.0/lib/maven-model-3.5.0.jar
7f2309ab8000-7f2309abb000 r--s 00008000 08:01 4734216                    /usr/local/apache-maven-3.5.0/lib/cdi-api-1.0.jar
7f2309abb000-7f2309abd000 r--s 0000f000 08:01 4734222                    /usr/local/apache-maven-3.5.0/lib/maven-resolver-provider-3.5.0.jar
7f2309abd000-7f2309abf000 r--s 00009000 08:01 4734233                    /usr/local/apache-maven-3.5.0/lib/slf4j-api-1.7.22.jar
7f2309abf000-7f2309aee000 r--s 00226000 08:01 4734221                    /usr/local/apache-maven-3.5.0/lib/guava-20.0.jar
7f2309aee000-7f2309af0000 r--s 00002000 08:01 4734211                    /usr/local/apache-maven-3.5.0/lib/plexus-cipher-1.7.jar
7f2309af0000-7f2309af2000 r--s 0000c000 08:01 4734234                    /usr/local/apache-maven-3.5.0/lib/commons-cli-1.4.jar
7f2309af2000-7f2309af6000 r--s 00020000 08:01 4734223                    /usr/local/apache-maven-3.5.0/lib/maven-resolver-api-1.0.3.jar
7f2309af6000-7f2309af8000 r--s 00009000 08:01 4734238                    /usr/local/apache-maven-3.5.0/lib/maven-resolver-connector-basic-1.0.3.jar
7f2309af8000-7f2309af9000 r--s 00002000 08:01 4734237                    /usr/local/apache-maven-3.5.0/lib/wagon-file-2.12.jar
7f2309af9000-7f2309afb000 r--s 00003000 08:01 4734236                    /usr/local/apache-maven-3.5.0/lib/jcl-over-slf4j-1.7.22.jar
7f2309afb000-7f2309aff000 r--s 00023000 08:01 4734225                    /usr/local/apache-maven-3.5.0/lib/maven-resolver-util-1.0.3.jar
7f2309aff000-7f2309b01000 r--s 0000a000 08:01 4734214                    /usr/local/apache-maven-3.5.0/lib/maven-plugin-api-3.5.0.jar
7f2309b01000-7f2309b05000 r--s 00039000 08:01 4734202                    /usr/local/apache-maven-3.5.0/lib/plexus-utils-3.0.24.jar
7f2309b05000-7f2309b09000 r--s 0002f000 08:01 4734228                    /usr/local/apache-maven-3.5.0/lib/commons-io-2.5.jar
7f2309b09000-7f2309b0a000 r--s 0000a000 08:01 4734201                    /usr/local/apache-maven-3.5.0/lib/maven-settings-3.5.0.jar
7f2309b0a000-7f2309b0b000 r--s 00000000 08:01 4734218                    /usr/local/apache-maven-3.5.0/lib/javax.inject-1.jar
7f2309b0b000-7f2309b11000 r--s 0002d000 08:01 4734215                    /usr/local/apache-maven-3.5.0/lib/org.eclipse.sisu.plexus-0.3.3.jar
7f2309b11000-7f2309b13000 r--s 0000c000 08:01 4734213                    /usr/local/apache-maven-3.5.0/lib/maven-artifact-3.5.0.jar
7f2309b13000-7f2309b16000 r--s 00015000 08:01 4734200                    /usr/local/apache-maven-3.5.0/lib/maven-embedder-3.5.0.jar
7f2309b16000-7f2309b19000 r--s 00011000 08:01 4734208                    /usr/local/apache-maven-3.5.0/lib/plexus-interpolation-1.24.jar
7f2309b19000-7f2309b1d000 r--s 0002a000 08:01 4734226                    /usr/local/apache-maven-3.5.0/lib/maven-resolver-impl-1.0.3.jar
7f2309b1d000-7f2309b24000 r--s 00041000 08:01 4734231                    /usr/local/apache-maven-3.5.0/lib/maven-compat-3.5.0.jar
7f2309b24000-7f2309b26000 r--s 00000000 08:01 4734209                    /usr/local/apache-maven-3.5.0/lib/plexus-component-annotations-1.7.1.jar
7f2309b26000-7f2309b29000 r--s 00025000 08:01 4734227                    /usr/local/apache-maven-3.5.0/lib/maven-shared-utils-3.1.0.jar
7f2309b29000-7f2309b2b000 r--s 00000000 08:01 4734230                    /usr/local/apache-maven-3.5.0/lib/aopalliance-1.0.jar
7f2309b2b000-7f2309b2c000 ---p 00000000 00:00 0 
7f2309b2c000-7f2309c2c000 rw-p 00000000 00:00 0 
7f2309c2c000-7f2309c2f000 ---p 00000000 00:00 0 
7f2309c2f000-7f2309d2d000 rw-p 00000000 00:00 0 
7f2309d2d000-7f2309d30000 ---p 00000000 00:00 0 
7f2309d30000-7f2309e2e000 rw-p 00000000 00:00 0 
7f2309e2e000-7f2309e31000 ---p 00000000 00:00 0 
7f2309e31000-7f2309f2f000 rw-p 00000000 00:00 0 
7f2309f2f000-7f2309f32000 ---p 00000000 00:00 0 
7f2309f32000-7f230a030000 rw-p 00000000 00:00 0 
7f230a030000-7f230a4bb000 r--p 00000000 08:01 6850430                    /usr/lib/locale/locale-archive
7f230a4bb000-7f230a4be000 ---p 00000000 00:00 0 
7f230a4be000-7f230a5bc000 rw-p 00000000 00:00 0 
7f230a5bc000-7f230a5bf000 ---p 00000000 00:00 0 
7f230a5bf000-7f230a6bd000 rw-p 00000000 00:00 0 
7f230a6bd000-7f230a6be000 ---p 00000000 00:00 0 
7f230a6be000-7f230b109000 rw-p 00000000 00:00 0 
7f230b109000-7f230b2e2000 r--s 03d3e000 08:01 4988940                    /usr/local/jdk1.8.0_121/jre/lib/rt.jar
7f230b2e2000-7f230bcc2000 rw-p 00000000 00:00 0 
7f230bcc2000-7f230bcc3000 ---p 00000000 00:00 0 
7f230bcc3000-7f230bdc3000 rw-p 00000000 00:00 0 
7f230bdc3000-7f230bdc4000 ---p 00000000 00:00 0 
7f230bdc4000-7f230bed8000 rw-p 00000000 00:00 0 
7f230bed8000-7f230c004000 ---p 00000000 00:00 0 
7f230c004000-7f230c018000 rw-p 00000000 00:00 0 
7f230c018000-7f230c144000 ---p 00000000 00:00 0 
7f230c144000-7f230c18b000 rw-p 00000000 00:00 0 
7f230c18b000-7f230c1e4000 ---p 00000000 00:00 0 
7f230c1e4000-7f230c20e000 rw-p 00000000 00:00 0 
7f230c20e000-7f230c5a5000 ---p 00000000 00:00 0 
7f230c5a5000-7f230cfb5000 rwxp 00000000 00:00 0 
7f230cfb5000-7f231b5a5000 ---p 00000000 00:00 0 
7f231b5a5000-7f231b5bf000 r-xp 00000000 08:01 4988971                    /usr/local/jdk1.8.0_121/jre/lib/amd64/libzip.so
7f231b5bf000-7f231b7bf000 ---p 0001a000 08:01 4988971                    /usr/local/jdk1.8.0_121/jre/lib/amd64/libzip.so
7f231b7bf000-7f231b7c0000 rw-p 0001a000 08:01 4988971                    /usr/local/jdk1.8.0_121/jre/lib/amd64/libzip.so
7f231b7c0000-7f231b7cb000 r-xp 00000000 08:01 7344690                    /lib/x86_64-linux-gnu/libnss_files-2.23.so
7f231b7cb000-7f231b9ca000 ---p 0000b000 08:01 7344690                    /lib/x86_64-linux-gnu/libnss_files-2.23.so
7f231b9ca000-7f231b9cb000 r--p 0000a000 08:01 7344690                    /lib/x86_64-linux-gnu/libnss_files-2.23.so
7f231b9cb000-7f231b9cc000 rw-p 0000b000 08:01 7344690                    /lib/x86_64-linux-gnu/libnss_files-2.23.so
7f231b9cc000-7f231b9d2000 rw-p 00000000 00:00 0 
7f231b9d2000-7f231b9dd000 r-xp 00000000 08:01 7344717                    /lib/x86_64-linux-gnu/libnss_nis-2.23.so
7f231b9dd000-7f231bbdc000 ---p 0000b000 08:01 7344717                    /lib/x86_64-linux-gnu/libnss_nis-2.23.so
7f231bbdc000-7f231bbdd000 r--p 0000a000 08:01 7344717                    /lib/x86_64-linux-gnu/libnss_nis-2.23.so
7f231bbdd000-7f231bbde000 rw-p 0000b000 08:01 7344717                    /lib/x86_64-linux-gnu/libnss_nis-2.23.so
7f231bbde000-7f231bbf4000 r-xp 00000000 08:01 7344593                    /lib/x86_64-linux-gnu/libnsl-2.23.so
7f231bbf4000-7f231bdf3000 ---p 00016000 08:01 7344593                    /lib/x86_64-linux-gnu/libnsl-2.23.so
7f231bdf3000-7f231bdf4000 r--p 00015000 08:01 7344593                    /lib/x86_64-linux-gnu/libnsl-2.23.so
7f231bdf4000-7f231bdf5000 rw-p 00016000 08:01 7344593                    /lib/x86_64-linux-gnu/libnsl-2.23.so
7f231bdf5000-7f231bdf7000 rw-p 00000000 00:00 0 
7f231bdf7000-7f231bdff000 r-xp 00000000 08:01 7344772                    /lib/x86_64-linux-gnu/libnss_compat-2.23.so
7f231bdff000-7f231bffe000 ---p 00008000 08:01 7344772                    /lib/x86_64-linux-gnu/libnss_compat-2.23.so
7f231bffe000-7f231bfff000 r--p 00007000 08:01 7344772                    /lib/x86_64-linux-gnu/libnss_compat-2.23.so
7f231bfff000-7f231c000000 rw-p 00008000 08:01 7344772                    /lib/x86_64-linux-gnu/libnss_compat-2.23.so
7f231c000000-7f231ca85000 rw-p 00000000 00:00 0 
7f231ca85000-7f2320000000 ---p 00000000 00:00 0 
7f2320000000-7f2320007000 r--s 00056000 08:01 4734219                    /usr/local/apache-maven-3.5.0/lib/org.eclipse.sisu.inject-0.3.3.jar
7f2320007000-7f2320009000 r--s 0000c000 08:01 4734232                    /usr/local/apache-maven-3.5.0/lib/wagon-provider-api-2.12.jar
7f2320009000-7f2320011000 r--s 0006e000 08:01 4734205                    /usr/local/apache-maven-3.5.0/lib/commons-lang3-3.5.jar
7f2320011000-7f2320014000 r--s 00023000 08:01 4734241                    /usr/local/apache-maven-3.5.0/lib/jansi-1.13.jar
7f2320014000-7f23200ab000 rw-p 00000000 00:00 0 
7f23200ab000-7f23200d6000 r-xp 00000000 08:01 4988998                    /usr/local/jdk1.8.0_121/jre/lib/amd64/libjava.so
7f23200d6000-7f23202d5000 ---p 0002b000 08:01 4988998                    /usr/local/jdk1.8.0_121/jre/lib/amd64/libjava.so
7f23202d5000-7f23202d7000 rw-p 0002a000 08:01 4988998                    /usr/local/jdk1.8.0_121/jre/lib/amd64/libjava.so
7f23202d7000-7f23202e4000 r-xp 00000000 08:01 4988949                    /usr/local/jdk1.8.0_121/jre/lib/amd64/libverify.so
7f23202e4000-7f23204e3000 ---p 0000d000 08:01 4988949                    /usr/local/jdk1.8.0_121/jre/lib/amd64/libverify.so
7f23204e3000-7f23204e5000 rw-p 0000c000 08:01 4988949                    /usr/local/jdk1.8.0_121/jre/lib/amd64/libverify.so
7f23204e5000-7f23204ec000 r-xp 00000000 08:01 7344729                    /lib/x86_64-linux-gnu/librt-2.23.so
7f23204ec000-7f23206eb000 ---p 00007000 08:01 7344729                    /lib/x86_64-linux-gnu/librt-2.23.so
7f23206eb000-7f23206ec000 r--p 00006000 08:01 7344729                    /lib/x86_64-linux-gnu/librt-2.23.so
7f23206ec000-7f23206ed000 rw-p 00007000 08:01 7344729                    /lib/x86_64-linux-gnu/librt-2.23.so
7f23206ed000-7f23207f5000 r-xp 00000000 08:01 7346565                    /lib/x86_64-linux-gnu/libm-2.23.so
7f23207f5000-7f23209f4000 ---p 00108000 08:01 7346565                    /lib/x86_64-linux-gnu/libm-2.23.so
7f23209f4000-7f23209f5000 r--p 00107000 08:01 7346565                    /lib/x86_64-linux-gnu/libm-2.23.so
7f23209f5000-7f23209f6000 rw-p 00108000 08:01 7346565                    /lib/x86_64-linux-gnu/libm-2.23.so
7f23209f6000-7f23216c4000 r-xp 00000000 08:01 4989002                    /usr/local/jdk1.8.0_121/jre/lib/amd64/server/libjvm.so
7f23216c4000-7f23218c4000 ---p 00cce000 08:01 4989002                    /usr/local/jdk1.8.0_121/jre/lib/amd64/server/libjvm.so
7f23218c4000-7f232199d000 rw-p 00cce000 08:01 4989002                    /usr/local/jdk1.8.0_121/jre/lib/amd64/server/libjvm.so
7f232199d000-7f23219e8000 rw-p 00000000 00:00 0 
7f23219e8000-7f2321ba8000 r-xp 00000000 08:01 7346575                    /lib/x86_64-linux-gnu/libc-2.23.so
7f2321ba8000-7f2321da8000 ---p 001c0000 08:01 7346575                    /lib/x86_64-linux-gnu/libc-2.23.so
7f2321da8000-7f2321dac000 r--p 001c0000 08:01 7346575                    /lib/x86_64-linux-gnu/libc-2.23.so
7f2321dac000-7f2321dae000 rw-p 001c4000 08:01 7346575                    /lib/x86_64-linux-gnu/libc-2.23.so
7f2321dae000-7f2321db2000 rw-p 00000000 00:00 0 
7f2321db2000-7f2321db5000 r-xp 00000000 08:01 7344766                    /lib/x86_64-linux-gnu/libdl-2.23.so
7f2321db5000-7f2321fb4000 ---p 00003000 08:01 7344766                    /lib/x86_64-linux-gnu/libdl-2.23.so
7f2321fb4000-7f2321fb5000 r--p 00002000 08:01 7344766                    /lib/x86_64-linux-gnu/libdl-2.23.so
7f2321fb5000-7f2321fb6000 rw-p 00003000 08:01 7344766                    /lib/x86_64-linux-gnu/libdl-2.23.so
7f2321fb6000-7f2321fcb000 r-xp 00000000 08:01 4988083                    /usr/local/jdk1.8.0_121/lib/amd64/jli/libjli.so
7f2321fcb000-7f23221cb000 ---p 00015000 08:01 4988083                    /usr/local/jdk1.8.0_121/lib/amd64/jli/libjli.so
7f23221cb000-7f23221cc000 rw-p 00015000 08:01 4988083                    /usr/local/jdk1.8.0_121/lib/amd64/jli/libjli.so
7f23221cc000-7f23221e4000 r-xp 00000000 08:01 7344715                    /lib/x86_64-linux-gnu/libpthread-2.23.so
7f23221e4000-7f23223e3000 ---p 00018000 08:01 7344715                    /lib/x86_64-linux-gnu/libpthread-2.23.so
7f23223e3000-7f23223e4000 r--p 00017000 08:01 7344715                    /lib/x86_64-linux-gnu/libpthread-2.23.so
7f23223e4000-7f23223e5000 rw-p 00018000 08:01 7344715                    /lib/x86_64-linux-gnu/libpthread-2.23.so
7f23223e5000-7f23223e9000 rw-p 00000000 00:00 0 
7f23223e9000-7f232240f000 r-xp 00000000 08:01 7344594                    /lib/x86_64-linux-gnu/ld-2.23.so
7f232240f000-7f2322410000 r--s 00004000 08:01 4734240                    /usr/local/apache-maven-3.5.0/lib/maven-slf4j-provider-3.5.0.jar
7f2322410000-7f2322411000 r--s 00001000 08:01 4734217                    /usr/local/apache-maven-3.5.0/lib/jsr250-api-1.0.jar
7f2322411000-7f2322413000 r--s 00007000 08:01 4734224                    /usr/local/apache-maven-3.5.0/lib/maven-resolver-spi-1.0.3.jar
7f2322413000-7f2322414000 r--s 00006000 08:01 4734212                    /usr/local/apache-maven-3.5.0/lib/maven-repository-metadata-3.5.0.jar
7f2322414000-7f2322416000 r--s 00006000 08:01 4734239                    /usr/local/apache-maven-3.5.0/lib/maven-resolver-transport-wagon-1.0.3.jar
7f2322416000-7f2322418000 r--s 0000b000 08:01 4734199                    /usr/local/apache-maven-3.5.0/boot/plexus-classworlds-2.5.2.jar
7f2322418000-7f23224ea000 rw-p 00000000 00:00 0 
7f23224ea000-7f23224ed000 ---p 00000000 00:00 0 
7f23224ed000-7f2322602000 rw-p 00000000 00:00 0 
7f2322602000-7f232260a000 rw-s 00000000 08:01 1969358                    /tmp/hsperfdata_root/13674
7f232260a000-7f232260b000 rw-p 00000000 00:00 0 
7f232260b000-7f232260c000 ---p 00000000 00:00 0 
7f232260c000-7f232260e000 rw-p 00000000 00:00 0 
7f232260e000-7f232260f000 r--p 00025000 08:01 7344594                    /lib/x86_64-linux-gnu/ld-2.23.so
7f232260f000-7f2322610000 rw-p 00026000 08:01 7344594                    /lib/x86_64-linux-gnu/ld-2.23.so
7f2322610000-7f2322611000 rw-p 00000000 00:00 0 
7ffdad277000-7ffdad399000 rw-p 00000000 00:00 0                          [stack]
7ffdad3ee000-7ffdad3f0000 r--p 00000000 00:00 0                          [vvar]
7ffdad3f0000-7ffdad3f2000 r-xp 00000000 00:00 0                          [vdso]
ffffffffff600000-ffffffffff601000 r-xp 00000000 00:00 0                  [vsyscall]

VM Arguments:
jvm_args: -Dclassworlds.conf=/usr/local/apache-maven-3.5.0/bin/m2.conf -Dmaven.home=/usr/local/apache-maven-3.5.0 -Dmaven.multiModuleProjectDirectory=/var/workspace/myeclise/public/webframework 
java_command: org.codehaus.plexus.classworlds.launcher.Launcher eclipse:clean eclipse:eclipse
java_class_path (initial): /usr/local/apache-maven-3.5.0/boot/plexus-classworlds-2.5.2.jar
Launcher Type: SUN_STANDARD

Environment Variables:
JAVA_HOME=/usr/local/jdk1.8.0_121
JRE_HOME=/usr/local/jdk1.8.0_121/jre
CLASSPATH=.:/usr/local/jdk1.8.0_121/lib/dt.jar:/usr/local/jdk1.8.0_121/lib/tools.jar:/usr/local/jdk1.8.0_121/jre/lib
PATH=/usr/local/sbin:/usr/local/bin:/usr/sbin:/usr/bin:/sbin:/bin:/usr/games:/usr/local/games:/snap/bin:/usr/local/jdk1.8.0_121/bin:/usr/local/jdk1.8.0_121/jre/bin:/usr/local/mysql5.6/bin:/usr/local/apache-maven-3.5.0/bin:/root/Android/Sdk/tools:/root/Android/Sdk/platform-tools:/usr/local/gradle-3.5/bin
SHELL=/bin/bash
DISPLAY=:0
_JAVA_SR_SIGNUM=12

Signal Handlers:
SIGSEGV: [libjvm.so+0xac78c0], sa_mask[0]=11111111011111111101111111111110, sa_flags=SA_RESTART|SA_SIGINFO
SIGBUS: [libjvm.so+0xac78c0], sa_mask[0]=11111111011111111101111111111110, sa_flags=SA_RESTART|SA_SIGINFO
SIGFPE: [libjvm.so+0x920ac0], sa_mask[0]=11111111011111111101111111111110, sa_flags=SA_RESTART|SA_SIGINFO
SIGPIPE: [libjvm.so+0x920ac0], sa_mask[0]=11111111011111111101111111111110, sa_flags=SA_RESTART|SA_SIGINFO
SIGXFSZ: [libjvm.so+0x920ac0], sa_mask[0]=11111111011111111101111111111110, sa_flags=SA_RESTART|SA_SIGINFO
SIGILL: [libjvm.so+0x920ac0], sa_mask[0]=11111111011111111101111111111110, sa_flags=SA_RESTART|SA_SIGINFO
SIGUSR1: SIG_DFL, sa_mask[0]=00000000000000000000000000000000, sa_flags=none
SIGUSR2: [libjvm.so+0x922300], sa_mask[0]=00000000000000000000000000000000, sa_flags=SA_RESTART|SA_SIGINFO
SIGHUP: [libjvm.so+0x923700], sa_mask[0]=11111111011111111101111111111110, sa_flags=SA_RESTART|SA_SIGINFO
SIGINT: [libjvm.so+0x923700], sa_mask[0]=11111111011111111101111111111110, sa_flags=SA_RESTART|SA_SIGINFO
SIGTERM: [libjvm.so+0x923700], sa_mask[0]=11111111011111111101111111111110, sa_flags=SA_RESTART|SA_SIGINFO
SIGQUIT: [libjvm.so+0x923700], sa_mask[0]=11111111011111111101111111111110, sa_flags=SA_RESTART|SA_SIGINFO


---------------  S Y S T E M  ---------------

OS:DISTRIB_ID=Ubuntu
DISTRIB_RELEASE=16.04
DISTRIB_CODENAME=xenial
DISTRIB_DESCRIPTION="Ubuntu 16.04.1 LTS"

uname:Linux 4.4.0-81-generic #104-Ubuntu SMP Wed Jun 14 08:17:06 UTC 2017 x86_64
libc:glibc 2.23 NPTL 2.23 
rlimit: STACK 8192k, CORE 0k, NPROC 15182, NOFILE 65536, AS infinity
load average:18.53 7.31 3.11

/proc/meminfo:
MemTotal:        3925648 kB
MemFree:          114576 kB
MemAvailable:      24568 kB
Buffers:             480 kB
Cached:           444420 kB
SwapCached:          672 kB
Active:          2724240 kB
Inactive:         858260 kB
Active(anon):    2716500 kB
Inactive(anon):   846524 kB
Active(file):       7740 kB
Inactive(file):    11736 kB
Unevictable:         200 kB
Mlocked:             220 kB
SwapTotal:       4071420 kB
SwapFree:              0 kB
Dirty:               108 kB
Writeback:             0 kB
AnonPages:       3137876 kB
Mapped:            14540 kB
Shmem:            424896 kB
Slab:              84028 kB
SReclaimable:      36956 kB
SUnreclaim:        47072 kB
KernelStack:       17712 kB
PageTables:        73144 kB
NFS_Unstable:          0 kB
Bounce:                0 kB
WritebackTmp:          0 kB
CommitLimit:     6034244 kB
Committed_AS:   15765112 kB
VmallocTotal:   34359738367 kB
VmallocUsed:           0 kB
VmallocChunk:          0 kB
HardwareCorrupted:     0 kB
AnonHugePages:    348160 kB
CmaTotal:              0 kB
CmaFree:               0 kB
HugePages_Total:       0
HugePages_Free:        0
HugePages_Rsvd:        0
HugePages_Surp:        0
Hugepagesize:       2048 kB
DirectMap4k:      130984 kB
DirectMap2M:     3942400 kB
DirectMap1G:           0 kB


CPU:total 2 (2 cores per cpu, 1 threads per core) family 6 model 60 stepping 3, cmov, cx8, fxsr, mmx, sse, sse2, sse3, ssse3, sse4.1, sse4.2, popcnt, clmul, erms, lzcnt, tsc, tscinvbit

/proc/cpuinfo:
processor	: 0
vendor_id	: GenuineIntel
cpu family	: 6
model		: 60
model name	: Intel(R) Pentium(R) CPU G3250 @ 3.20GHz
stepping	: 3
microcode	: 0x12
cpu MHz		: 2597.750
cache size	: 3072 KB
physical id	: 0
siblings	: 2
core id		: 0
cpu cores	: 2
apicid		: 0
initial apicid	: 0
fpu		: yes
fpu_exception	: yes
cpuid level	: 13
wp		: yes
flags		: fpu vme de pse tsc msr pae mce cx8 apic sep mtrr pge mca cmov pat pse36 clflush dts acpi mmx fxsr sse sse2 ss ht tm pbe syscall nx pdpe1gb rdtscp lm constant_tsc arch_perfmon pebs bts rep_good nopl xtopology nonstop_tsc aperfmperf eagerfpu pni pclmulqdq dtes64 monitor ds_cpl vmx est tm2 ssse3 sdbg cx16 xtpr pdcm pcid sse4_1 sse4_2 movbe popcnt tsc_deadline_timer xsave rdrand lahf_lm abm tpr_shadow vnmi flexpriority ept vpid fsgsbase tsc_adjust erms invpcid xsaveopt dtherm arat pln pts
bugs		:
bogomips	: 6385.73
clflush size	: 64
cache_alignment	: 64
address sizes	: 39 bits physical, 48 bits virtual
power management:

processor	: 1
vendor_id	: GenuineIntel
cpu family	: 6
model		: 60
model name	: Intel(R) Pentium(R) CPU G3250 @ 3.20GHz
stepping	: 3
microcode	: 0x12
cpu MHz		: 2623.250
cache size	: 3072 KB
physical id	: 0
siblings	: 2
core id		: 1
cpu cores	: 2
apicid		: 2
initial apicid	: 2
fpu		: yes
fpu_exception	: yes
cpuid level	: 13
wp		: yes
flags		: fpu vme de pse tsc msr pae mce cx8 apic sep mtrr pge mca cmov pat pse36 clflush dts acpi mmx fxsr sse sse2 ss ht tm pbe syscall nx pdpe1gb rdtscp lm constant_tsc arch_perfmon pebs bts rep_good nopl xtopology nonstop_tsc aperfmperf eagerfpu pni pclmulqdq dtes64 monitor ds_cpl vmx est tm2 ssse3 sdbg cx16 xtpr pdcm pcid sse4_1 sse4_2 movbe popcnt tsc_deadline_timer xsave rdrand lahf_lm abm tpr_shadow vnmi flexpriority ept vpid fsgsbase tsc_adjust erms invpcid xsaveopt dtherm arat pln pts
bugs		:
bogomips	: 6385.73
clflush size	: 64
cache_alignment	: 64
address sizes	: 39 bits physical, 48 bits virtual
power management:



Memory: 4k page, physical 3925648k(106020k free), swap 4071420k(0k free)

vm_info: Java HotSpot(TM) 64-Bit Server VM (25.121-b13) for linux-amd64 JRE (1.8.0_121-b13), built on Dec 12 2016 16:36:53 by "java_re" with gcc 4.3.0 20080428 (Red Hat 4.3.0-8)

time: Thu Jun 29 16:00:32 2017
elapsed time: 111 seconds (0d 0h 1m 51s)

